SEND :san.vuthy08@gmail.comSEND :tellsela@gmail.comSEND :saing.sab@gmail.com
SEND :san.vuthy08@gmail.com2018-07-22T15:28:13.747+07:00
SEND :tellsela@gmail.com2018-07-22T15:28:18.486+07:00
SEND : san.vuthy08@gmail.comAT: 2018-07-22T15:34:58.146+07:00
SEND : tellsela@gmail.comAT: 2018-07-22T15:35:02.090+07:00
ERROR : san.vuthy08@gmail.com 535-5.7.8 Username and Password not accepted. Learn more at
535 5.7.8  https://support.google.com/mail/?p=BadCredentials i13-v6sm6597241pgo.75 - gsmtp
 AT : 2018-07-22T15:49:27.744+07:00
ERROR : tellsela@gmail.com 535-5.7.8 Username and Password not accepted. Learn more at
535 5.7.8  https://support.google.com/mail/?p=BadCredentials q140-v6sm8728302pgq.11 - gsmtp
 AT : 2018-07-22T15:49:28.865+07:00
ERROR : san.vuthy08@gmail.com 535-5.7.8 Username and Password not accepted. Learn more at
535 5.7.8  https://support.google.com/mail/?p=BadCredentials u13-v6sm307375pfg.79 - gsmtp
 AT : 2018-07-22T17:36:36.480+07:00
ERROR : tellsela@gmail.com 535-5.7.8 Username and Password not accepted. Learn more at
535 5.7.8  https://support.google.com/mail/?p=BadCredentials a25-v6sm6989873pgv.51 - gsmtp
 AT : 2018-07-22T17:36:37.802+07:00
SEND : san.vuthy08@gmail.com AT: 2018-07-22T18:00:34.372+07:00
SEND : tellsela@gmail.com AT: 2018-07-22T18:00:37.266+07:00
SEND : tellsela@gmail.com AT: 2018-07-23T12:09:54.668+07:00
SEND : san.vuthy08@gmail.com AT: 2018-07-23T12:10:00.111+07:00
SEND : tellsela@gmail.com AT: 2018-07-23T12:13:39.700+07:00
SEND : san.vuthy08@gmail.com AT: 2018-07-23T12:13:44.029+07:00
SEND : tellsela@gmail.com AT: 2018-07-23T12:20:11.160+07:00
SEND : san.vuthy08@gmail.com AT: 2018-07-23T12:20:18.868+07:00
SEND : tellsela@gmail.com AT: 2018-07-23T12:30:06.923+07:00
SEND : san.vuthy08@gmail.com AT: 2018-07-23T12:30:09.639+07:00
SEND :  AT: 2018-07-23T12:40:09.011+07:00
ERROR : Contact Could not be empty! AT: 2018-07-23T15:10:23.699+07:00
ERROR : Contact Could not be empty! AT: 2018-07-23T15:13:03.737+07:00
ERROR : Either your file is empty or incorrect format AT: 2018-07-23T15:13:18.526+07:00